{
  "RSpec": {
    "coverage": {
      "/Users/apprentice/Dropbox/Patrick/optifridge/app/controllers/application_controller.rb": [
        1,
        1,
        null
      ],
      "/Users/apprentice/Dropbox/Patrick/optifridge/app/helpers/application_helper.rb": [
        1,
        null
      ],
      "/Users/apprentice/Dropbox/Patrick/optifridge/app/helpers/static_helper.rb": [
        1,
        null
      ],
      "/Users/apprentice/Dropbox/Patrick/optifridge/app/controllers/static_controller.rb": [
        1,
        null,
        1,
        null,
        null,
        null
      ]
    },
    "timestamp": 1344301173
  }
}
