{
  "RSpec": {
    "coverage": {
      "/Users/apprentice/Dropbox/Patrick/optifridge/app/models/user.rb": [
        1,
        null,
        null,
        null,
        1,
        null,
        null,
        null,
        1,
        null,
        1,
        null
      ],
      "/Users/apprentice/Dropbox/Patrick/optifridge/app/controllers/application_controller.rb": [
        1,
        1,
        null,
        null,
        null,
        1,
        17,
        5,
        null,
        12,
        null,
        null,
        null,
        1,
        13,
        9,
        9,
        9,
        9,
        null,
        13,
        null,
        null
      ],
      "/Users/apprentice/Dropbox/Patrick/optifridge/app/helpers/application_helper.rb": [
        1,
        null
      ],
      "/Users/apprentice/Dropbox/Patrick/optifridge/app/helpers/items_helper.rb": [
        1,
        null
      ],
      "/Users/apprentice/Dropbox/Patrick/optifridge/app/helpers/static_helper.rb": [
        1,
        null
      ],
      "/Users/apprentice/Dropbox/Patrick/optifridge/app/controllers/items_controller.rb": [
        1,
        1,
        null,
        1,
        13,
        null,
        null,
        1,
        1,
        1,
        1,
        1,
        null,
        0,
        0,
        null,
        null,
        null,
        1,
        null,
        null,
        null
      ],
      "/Users/apprentice/Dropbox/Patrick/optifridge/app/models/item.rb": [
        1,
        1,
        1,
        1,
        1,
        null
      ],
      "/Users/apprentice/Dropbox/Patrick/optifridge/app/controllers/static_controller.rb": [
        1,
        null,
        1,
        null,
        null,
        null
      ]
    },
    "timestamp": 1344403594
  }
}
